<?xml version="1.0" encoding="UTF-8"?>
<testng-results ignored="0" total="1" passed="1" failed="0" skipped="0">
  <reporter-output>
  </reporter-output>
  <suite started-at="2025-12-06T10:04:15 IST" name="Default suite" finished-at="2025-12-06T10:04:16 IST" duration-ms="308">
    <groups>
    </groups>
    <test started-at="2025-12-06T10:04:15 IST" name="Default test" finished-at="2025-12-06T10:04:16 IST" duration-ms="308">
      <class name="javaProgram.ExtractTransaction">
        <test-method signature="ext()[pri:0, instance:javaProgram.ExtractTransaction@185a6e9]" started-at="2025-12-06T10:04:15 IST" name="ext" finished-at="2025-12-06T10:04:16 IST" duration-ms="252" status="PASS">
          <reporter-output>
          </reporter-output>
        </test-method> <!-- ext -->
      </class> <!-- javaProgram.ExtractTransaction -->
    </test> <!-- Default test -->
  </suite> <!-- Default suite -->
</testng-results>
