<?xml version="1.0" encoding="UTF-8"?>
<testng-results ignored="0" total="1" passed="1" failed="0" skipped="0">
  <reporter-output>
  </reporter-output>
  <suite started-at="2025-12-19T23:04:40 IST" name="Default suite" finished-at="2025-12-19T23:04:48 IST" duration-ms="8118">
    <groups>
    </groups>
    <test started-at="2025-12-19T23:04:40 IST" name="Default test" finished-at="2025-12-19T23:04:48 IST" duration-ms="8118">
      <class name="selenium.DynamicTable">
        <test-method signature="dynamicCPU()[pri:0, instance:selenium.DynamicTable@7530ad9c]" started-at="2025-12-19T23:04:40 IST" name="dynamicCPU" finished-at="2025-12-19T23:04:48 IST" duration-ms="8064" status="PASS">
          <reporter-output>
          </reporter-output>
        </test-method> <!-- dynamicCPU -->
      </class> <!-- selenium.DynamicTable -->
    </test> <!-- Default test -->
  </suite> <!-- Default suite -->
</testng-results>
