<?xml version="1.0" encoding="UTF-8"?>
<!-- Generated by org.testng.reporters.JUnitReportReporter -->
<testsuite hostname="Geeta" failures="0" tests="3" name="javaProgram.Swap" time="0.020" errors="0" timestamp="2025-11-28T13:40:38 IST" skipped="0">
  <testcase classname="javaProgram.Swap" name="swapString" time="0.016"/>
  <testcase classname="javaProgram.Swap" name="swapWithTemp" time="0.001"/>
  <testcase classname="javaProgram.Swap" name="swapWithoutTemp" time="0.003"/>
</testsuite> <!-- javaProgram.Swap -->
