<?xml version="1.0" encoding="UTF-8"?>
<!-- Generated by org.testng.reporters.JUnitReportReporter -->
<testsuite hostname="Geeta" failures="0" tests="3" name="javaProgram.StringIsDigit" time="0.021" errors="0" timestamp="2025-12-03T10:54:24 IST" skipped="0">
  <testcase classname="javaProgram.StringIsDigit" name="test" time="0.017"/>
  <testcase classname="javaProgram.StringIsDigit" name="testNumerals" time="0.002"/>
  <testcase classname="javaProgram.StringIsDigit" name="usingIsDigit" time="0.002"/>
</testsuite> <!-- javaProgram.StringIsDigit -->
