<?xml version="1.0" encoding="UTF-8"?>
<!-- Generated by org.testng.reporters.JUnitReportReporter -->
<testsuite hostname="Geeta" failures="0" tests="2" name="selenium.AuthenticationPopUp" time="18.979" errors="0" timestamp="2025-12-19T16:26:34 IST" skipped="0">
  <testcase classname="selenium.AuthenticationPopUp" name="authPopUpUsingURL" time="6.253"/>
  <testcase classname="selenium.AuthenticationPopUp" name="authPopUpUsingRobotClass" time="12.726"/>
</testsuite> <!-- selenium.AuthenticationPopUp -->
