<?xml version="1.0" encoding="UTF-8"?>
<!-- Generated by org.testng.reporters.JUnitReportReporter -->
<testsuite hostname="Geeta" failures="0" tests="3" name="javaProgram.Duplicate" time="0.019" errors="0" timestamp="2025-12-04T10:09:22 IST" skipped="0">
  <testcase classname="javaProgram.Duplicate" name="printUniqueString" time="0.001"/>
  <testcase classname="javaProgram.Duplicate" name="duplicateChar" time="0.016"/>
  <testcase classname="javaProgram.Duplicate" name="findDupString" time="0.002"/>
</testsuite> <!-- javaProgram.Duplicate -->
