<?xml version="1.0" encoding="UTF-8"?>
<!-- Generated by org.testng.reporters.JUnitReportReporter -->
<testsuite hostname="Geeta" failures="0" tests="3" name="javaProgram.Reverse" time="0.020" errors="0" timestamp="2025-12-04T10:28:13 IST" skipped="0">
  <testcase classname="javaProgram.Reverse" name="reverseArrayList" time="0.016"/>
  <testcase classname="javaProgram.Reverse" name="reverseSentenceUsingStringBuilder" time="0.002"/>
  <testcase classname="javaProgram.Reverse" name="reverseSentence" time="0.002"/>
</testsuite> <!-- javaProgram.Reverse -->
