<?xml version="1.0" encoding="UTF-8"?>
<!-- Generated by org.testng.reporters.JUnitReportReporter -->
<testsuite hostname="Geeta" failures="0" tests="3" name="javaProgram.PrintContainsNum" time="0.024" errors="0" timestamp="2025-12-04T10:24:10 IST" skipped="0">
  <testcase classname="javaProgram.PrintContainsNum" name="printEndsWithNos" time="0.021"/>
  <testcase classname="javaProgram.PrintContainsNum" name="printStartsWithNos" time="0.002"/>
  <testcase classname="javaProgram.PrintContainsNum" name="printWithNos" time="0.001"/>
</testsuite> <!-- javaProgram.PrintContainsNum -->
