<?xml version="1.0" encoding="UTF-8"?>
<!-- Generated by org.testng.reporters.JUnitReportReporter -->
<testsuite hostname="Geeta" failures="0" tests="3" name="restAssured.TestCases" time="5.252" errors="0" timestamp="2025-11-29T09:38:13 IST" skipped="0">
  <testcase classname="restAssured.TestCases" name="TC_getSingleUser" time="0.342"/>
  <testcase classname="restAssured.TestCases" name="TC_postUser" time="1.027"/>
  <testcase classname="restAssured.TestCases" name="TC_getListOfUsers" time="3.883"/>
</testsuite> <!-- restAssured.TestCases -->
